#
# There is insufficient memory for the Java Runtime Environment to continue.
# Native memory allocation (mmap) failed to map 32505856 bytes for Failed to commit area from 0x000000008ae00000 to 0x000000008cd00000 of length 32505856.
# Possible reasons:
#   The system is out of physical RAM or swap space
#   The process is running with CompressedOops enabled, and the Java Heap may be blocking the growth of the native heap
# Possible solutions:
#   Reduce memory load on the system
#   Increase physical memory or swap space
#   Check if swap backing store is full
#   Decrease Java heap size (-Xmx/-Xms)
#   Decrease number of Java threads
#   Decrease Java thread stack sizes (-Xss)
#   Set larger code cache with -XX:ReservedCodeCacheSize=
#   JVM is running with Unscaled Compressed Oops mode in which the Java heap is
#     placed in the first 4GB address space. The Java Heap base address is the
#     maximum limit for the native heap growth. Please use -XX:HeapBaseMinAddress
#     to set the Java Heap base and to place the Java Heap above 4GB virtual address.
# This output file may be truncated or incomplete.
#
#  Out of Memory Error (./open/src/hotspot/os/windows/os_windows.cpp:3273), pid=21460, tid=13916
#
# JRE version: Java(TM) SE Runtime Environment 18.9 (11.0.12+8) (build 11.0.12+8-LTS-237)
# Java VM: Java HotSpot(TM) 64-Bit Server VM 18.9 (11.0.12+8-LTS-237, mixed mode, tiered, compressed oops, g1 gc, windows-amd64)
# No core dump will be written. Minidumps are not enabled by default on client versions of Windows
#

---------------  S U M M A R Y ------------

Command Line: -Dcom.sun.management.jmxremote -Dcom.sun.management.jmxremote.port=60355 -Dcom.sun.management.jmxremote.authenticate=false -Dcom.sun.management.jmxremote.ssl=false -Djava.rmi.server.hostname=localhost -Dspring.jmx.enabled=true -Dspring.application.admin.enabled=true -XX:TieredStopAtLevel=1 -Dspring.boot.project.name=publicParking -Dfile.encoding=UTF-8 teamD.publicParking.PublicParkingApplication --spring.output.ansi.enabled=always

Host: Intel(R) Core(TM) i5-8250U CPU @ 1.60GHz, 8 cores, 7G,  Windows 10 , 64 bit Build 19041 (10.0.19041.1151)
Time: Thu Sep  2 03:10:08 2021 얾홏풤 킨촺쫚 elapsed time: 8.248734 seconds (0d 0h 0m 8s)

---------------  T H R E A D  ---------------

Current thread (0x000001f0ff29a000):  VMThread "VM Thread" [stack: 0x0000003637000000,0x0000003637100000] [id=13916]

Stack: [0x0000003637000000,0x0000003637100000]
[error occurred during error reporting (printing stack bounds), id 0xc0000005, EXCEPTION_ACCESS_VIOLATION (0xc0000005) at pc=0x000001f080000f2d]

Native frames: (J=compiled Java code, j=interpreted, Vv=VM code, C=native code)
V  [jvm.dll+0x617d9a]
V  [jvm.dll+0x74eeef]
V  [jvm.dll+0x750599]
V  [jvm.dll+0x750b85]
V  [jvm.dll+0x750b3b]
V  [jvm.dll+0x6175d3]
V  [jvm.dll+0x617998]
C  [ntdll.dll+0xa217f]
C  [ntdll.dll+0x51454]
C  [ntdll.dll+0xa0cae]
C  0x000001f080000f2d

VM_Operation (0x00000036380fcb60): CollectForMetadataAllocation, mode: safepoint, requested by thread 0x000001f0ffd0d000


---------------  P R O C E S S  ---------------

Threads class SMR info:
_java_thread_list=0x000001f096478110, length=24, elements={
0x000001f0f5465000, 0x000001f0ff29c800, 0x000001f0ff2c8000, 0x000001f0ff2e2800,
0x000001f0ff2e4800, 0x000001f0ff2e5800, 0x000001f0ff2ea000, 0x000001f0ffbdc000,
0x000001f0ffd10000, 0x000001f0ffd0f000, 0x000001f0ffd0c000, 0x000001f0ffd0e800,
0x000001f0ffd11000, 0x000001f0ffd0d000, 0x000001f0ffd0d800, 0x000001f0ffd0b000,
0x000001f0ffd11800, 0x000001f096268000, 0x000001f096268800, 0x000001f096264000,
0x000001f096263000, 0x000001f096269800, 0x000001f096265800, 0x000001f09626a800
}

Java Threads: ( => current thread )
  0x000001f0f5465000 JavaThread "main" [_thread_blocked, id=31188, stack(0x0000003636a00000,0x0000003636b00000)]
  0x000001f0ff29c800 JavaThread "Reference Handler" daemon [_thread_blocked, id=27796, stack(0x0000003637100000,0x0000003637200000)]
  0x000001f0ff2c8000 JavaThread "Finalizer" daemon [_thread_blocked, id=28784, stack(0x0000003637200000,0x0000003637300000)]
  0x000001f0ff2e2800 JavaThread "Signal Dispatcher" daemon [_thread_blocked, id=16248, stack(0x0000003637300000,0x0000003637400000)]
  0x000001f0ff2e4800 JavaThread "Attach Listener" daemon [_thread_blocked, id=10412, stack(0x0000003637400000,0x0000003637500000)]
  0x000001f0ff2e5800 JavaThread "Service Thread" daemon [_thread_blocked, id=10712, stack(0x0000003637500000,0x0000003637600000)]
  0x000001f0ff2ea000 JavaThread "C1 CompilerThread0" daemon [_thread_blocked, id=29432, stack(0x0000003637600000,0x0000003637700000)]
  0x000001f0ffbdc000 JavaThread "Sweeper thread" daemon [_thread_blocked, id=26492, stack(0x0000003637700000,0x0000003637800000)]
  0x000001f0ffd10000 JavaThread "Common-Cleaner" daemon [_thread_blocked, id=10816, stack(0x0000003637800000,0x0000003637900000)]
  0x000001f0ffd0f000 JavaThread "RMI TCP Accept-0" daemon [_thread_in_native, id=19772, stack(0x0000003637900000,0x0000003637a00000)]
  0x000001f0ffd0c000 JavaThread "RMI TCP Accept-60355" daemon [_thread_in_native, id=6308, stack(0x0000003637a00000,0x0000003637b00000)]
  0x000001f0ffd0e800 JavaThread "RMI TCP Accept-0" daemon [_thread_in_native, id=29596, stack(0x0000003637b00000,0x0000003637c00000)]
  0x000001f0ffd11000 JavaThread "Thread-0" [_thread_blocked, id=12824, stack(0x0000003637f00000,0x0000003638000000)]
  0x000001f0ffd0d000 JavaThread "restartedMain" [_thread_blocked, id=12092, stack(0x0000003638000000,0x0000003638100000)]
  0x000001f0ffd0d800 JavaThread "RMI TCP Connection(1)-127.0.0.1" daemon [_thread_in_native, id=29748, stack(0x0000003638400000,0x0000003638500000)]
  0x000001f0ffd0b000 JavaThread "RMI Scheduler(0)" daemon [_thread_blocked, id=16280, stack(0x0000003638500000,0x0000003638600000)]
  0x000001f0ffd11800 JavaThread "RMI TCP Connection(2)-127.0.0.1" daemon [_thread_in_native, id=25276, stack(0x0000003638600000,0x0000003638700000)]
  0x000001f096268000 JavaThread "JMX server connection timeout 24" daemon [_thread_blocked, id=22904, stack(0x0000003638700000,0x0000003638800000)]
  0x000001f096268800 JavaThread "Catalina-utility-1" [_thread_blocked, id=30752, stack(0x0000003638900000,0x0000003638a00000)]
  0x000001f096264000 JavaThread "Catalina-utility-2" [_thread_blocked, id=15596, stack(0x0000003638c00000,0x0000003638d00000)]
  0x000001f096263000 JavaThread "container-0" [_thread_blocked, id=30284, stack(0x0000003638d00000,0x0000003638e00000)]
  0x000001f096269800 JavaThread "mysql-cj-abandoned-connection-cleanup" daemon [_thread_blocked, id=31616, stack(0x0000003638e00000,0x0000003638f00000)]
  0x000001f096265800 JavaThread "HikariPool-1 housekeeper" daemon [_thread_blocked, id=17432, stack(0x0000003639000000,0x0000003639100000)]
  0x000001f09626a800 JavaThread "HikariPool-1 connection adder" daemon [_thread_blocked, id=3944, stack(0x0000003639100000,0x0000003639200000)]

Other Threads:
=>0x000001f0ff29a000 VMThread "VM Thread" [stack: 0x0000003637000000,0x0000003637100000] [id=13916]
  0x000001f0952fb800 WatcherThread [stack: 0x0000003637c00000,0x0000003637d00000] [id=22096]
  0x000001f0f547b800 GCTaskThread "GC Thread#0" [stack: 0x0000003636b00000,0x0000003636c00000] [id=31148]
  0x000001f0956f5000 GCTaskThread "GC Thread#1" [stack: 0x0000003637d00000,0x0000003637e00000] [id=31724]
  0x000001f0956f5800 GCTaskThread "GC Thread#2" [stack: 0x0000003637e00000,0x0000003637f00000] [id=5316]
  0x000001f09574b000 GCTaskThread "GC Thread#3" [stack: 0x0000003638100000,0x0000003638200000] [id=29272]
  0x000001f09574b800 GCTaskThread "GC Thread#4" [stack: 0x0000003638200000,0x0000003638300000] [id=16264]
  0x000001f09574c000 GCTaskThread "GC Thread#5" [stack: 0x0000003638300000,0x0000003638400000] [id=31496]
  0x000001f0966e0800 GCTaskThread "GC Thread#6" [stack: 0x0000003638a00000,0x0000003638b00000] [id=16172]
  0x000001f09656c000 GCTaskThread "GC Thread#7" [stack: 0x0000003638b00000,0x0000003638c00000] [id=5108]
  0x000001f0f54ad000 ConcurrentGCThread "G1 Main Marker" [stack: 0x0000003636c00000,0x0000003636d00000] [id=20700]
  0x000001f0f54b0800 ConcurrentGCThread "G1 Conc#0" [stack: 0x0000003636d00000,0x0000003636e00000] [id=15624]
  0x000001f096355000 ConcurrentGCThread "G1 Conc#1" [stack: 0x0000003638800000,0x0000003638900000] [id=29932]
  0x000001f0f553e800 ConcurrentGCThread "G1 Refine#0" [stack: 0x0000003636e00000,0x0000003636f00000] [id=22196]
  0x000001f0ff106800 ConcurrentGCThread "G1 Young RemSet Sampling" [stack: 0x0000003636f00000,0x0000003637000000] [id=21644]

Threads with active compile tasks:

VM state:at safepoint (normal execution)

VM Mutex/Monitor currently owned by a thread:  ([mutex/lock_event])
[0x000001f0f545fab0] Threads_lock - owner thread: 0x000001f0ff29a000
[0x000001f0f5460320] Heap_lock - owner thread: 0x000001f0ffd0d000

Heap address: 0x0000000081400000, size: 2028 MB, Compressed Oops mode: 32-bit
Narrow klass base: 0x0000000000000000, Narrow klass shift: 3
Compressed class space size: 1073741824 Address: 0x0000000100000000

Heap:
 garbage-first heap   total 189440K, used 29942K [0x0000000081400000, 0x0000000100000000)
  region size 1024K, 7 young (7168K), 7 survivors (7168K)
 Metaspace       used 71840K, capacity 73810K, committed 73932K, reserved 1118208K
  class space    used 9795K, capacity 10606K, committed 10700K, reserved 1048576K
Heap Regions: E=young(eden), S=young(survivor), O=old, HS=humongous(starts), HC=humongous(continues), CS=collection set, F=free, A=archive, TAMS=top-at-mark-start (previous, next)
|   0|0x0000000081400000, 0x0000000081500000, 0x0000000081500000|100%|HS|  |TAMS 0x0000000081500000, 0x0000000081500000| Complete 
|   1|0x0000000081500000, 0x0000000081600000, 0x0000000081600000|100%| O|  |TAMS 0x0000000081600000, 0x0000000081600000| Untracked 
|   2|0x0000000081600000, 0x0000000081700000, 0x0000000081700000|100%| O|  |TAMS 0x0000000081700000, 0x0000000081700000| Untracked 
|   3|0x0000000081700000, 0x0000000081800000, 0x0000000081800000|100%| O|  |TAMS 0x0000000081800000, 0x0000000081800000| Untracked 
|   4|0x0000000081800000, 0x0000000081900000, 0x0000000081900000|100%| O|  |TAMS 0x0000000081900000, 0x0000000081900000| Untracked 
|   5|0x0000000081900000, 0x0000000081a00000, 0x0000000081a00000|100%| O|  |TAMS 0x0000000081a00000, 0x0000000081a00000| Untracked 
|   6|0x0000000081a00000, 0x0000000081b00000, 0x0000000081b00000|100%| O|  |TAMS 0x0000000081b00000, 0x0000000081b00000| Untracked 
|   7|0x0000000081b00000, 0x0000000081c00000, 0x0000000081c00000|100%| O|  |TAMS 0x0000000081c00000, 0x0000000081c00000| Untracked 
|   8|0x0000000081c00000, 0x0000000081d00000, 0x0000000081d00000|100%| O|  |TAMS 0x0000000081d00000, 0x0000000081d00000| Untracked 
|   9|0x0000000081d00000, 0x0000000081e00000, 0x0000000081e00000|100%| O|  |TAMS 0x0000000081e00000, 0x0000000081e00000| Untracked 
|  10|0x0000000081e00000, 0x0000000081f00000, 0x0000000081f00000|100%| O|  |TAMS 0x0000000081f00000, 0x0000000081f00000| Untracked 
|  11|0x0000000081f00000, 0x0000000082000000, 0x0000000082000000|100%| O|  |TAMS 0x0000000082000000, 0x0000000082000000| Untracked 
|  12|0x0000000082000000, 0x0000000082100000, 0x0000000082100000|100%| O|  |TAMS 0x0000000082100000, 0x0000000082100000| Untracked 
|  13|0x0000000082100000, 0x0000000082200000, 0x0000000082200000|100%| O|  |TAMS 0x0000000082200000, 0x0000000082200000| Untracked 
|  14|0x0000000082200000, 0x0000000082300000, 0x0000000082300000|100%| O|  |TAMS 0x0000000082300000, 0x0000000082300000| Untracked 
|  15|0x0000000082300000, 0x0000000082400000, 0x0000000082400000|100%| O|  |TAMS 0x0000000082400000, 0x0000000082400000| Untracked 
|  16|0x0000000082400000, 0x0000000082500000, 0x0000000082500000|100%| O|  |TAMS 0x0000000082500000, 0x0000000082500000| Untracked 
|  17|0x0000000082500000, 0x0000000082600000, 0x0000000082600000|100%| O|  |TAMS 0x0000000082525000, 0x0000000082600000| Untracked 
|  18|0x0000000082600000, 0x0000000082700000, 0x0000000082700000|100%| O|  |TAMS 0x0000000082600000, 0x0000000082700000| Untracked 
|  19|0x0000000082700000, 0x0000000082800000, 0x0000000082800000|100%| O|  |TAMS 0x0000000082700000, 0x0000000082800000| Untracked 
|  20|0x0000000082800000, 0x0000000082900000, 0x0000000082900000|100%| O|  |TAMS 0x0000000082800000, 0x0000000082900000| Untracked 
|  21|0x0000000082900000, 0x0000000082a00000, 0x0000000082a00000|100%| O|  |TAMS 0x0000000082900000, 0x0000000082a00000| Untracked 
|  22|0x0000000082a00000, 0x0000000082aa2400, 0x0000000082b00000| 63%| O|  |TAMS 0x0000000082a00000, 0x0000000082aa2400| Untracked 
|  23|0x0000000082b00000, 0x0000000082b00000, 0x0000000082c00000|  0%| F|  |TAMS 0x0000000082b00000, 0x0000000082b00000| Untracked 
|  24|0x0000000082c00000, 0x0000000082c00000, 0x0000000082d00000|  0%| F|  |TAMS 0x0000000082c00000, 0x0000000082c00000| Untracked 
|  25|0x0000000082d00000, 0x0000000082d00000, 0x0000000082e00000|  0%| F|  |TAMS 0x0000000082d00000, 0x0000000082d00000| Untracked 
|  26|0x0000000082e00000, 0x0000000082e00000, 0x0000000082f00000|  0%| F|  |TAMS 0x0000000082e00000, 0x0000000082e00000| Untracked 
|  27|0x0000000082f00000, 0x0000000082f00000, 0x0000000083000000|  0%| F|  |TAMS 0x0000000082f00000, 0x0000000082f00000| Untracked 
|  28|0x0000000083000000, 0x0000000083000000, 0x0000000083100000|  0%| F|  |TAMS 0x0000000083000000, 0x0000000083000000| Untracked 
|  29|0x0000000083100000, 0x0000000083100000, 0x0000000083200000|  0%| F|  |TAMS 0x0000000083100000, 0x0000000083100000| Untracked 
|  30|0x0000000083200000, 0x0000000083200000, 0x0000000083300000|  0%| F|  |TAMS 0x0000000083200000, 0x0000000083200000| Untracked 
|  31|0x0000000083300000, 0x0000000083300000, 0x0000000083400000|  0%| F|  |TAMS 0x0000000083300000, 0x0000000083300000| Untracked 
|  32|0x0000000083400000, 0x0000000083400000, 0x0000000083500000|  0%| F|  |TAMS 0x0000000083400000, 0x0000000083400000| Untracked 
|  33|0x0000000083500000, 0x0000000083500000, 0x0000000083600000|  0%| F|  |TAMS 0x0000000083500000, 0x0000000083500000| Untracked 
|  34|0x0000000083600000, 0x0000000083600000, 0x0000000083700000|  0%| F|  |TAMS 0x0000000083600000, 0x0000000083600000| Untracked 
|  35|0x0000000083700000, 0x0000000083700000, 0x0000000083800000|  0%| F|  |TAMS 0x0000000083700000, 0x0000000083700000| Untracked 
|  36|0x0000000083800000, 0x0000000083800000, 0x0000000083900000|  0%| F|  |TAMS 0x0000000083800000, 0x0000000083800000| Untracked 
|  37|0x0000000083900000, 0x0000000083900000, 0x0000000083a00000|  0%| F|  |TAMS 0x0000000083900000, 0x0000000083900000| Untracked 
|  38|0x0000000083a00000, 0x0000000083a00000, 0x0000000083b00000|  0%| F|  |TAMS 0x0000000083a00000, 0x0000000083a00000| Untracked 
|  39|0x0000000083b00000, 0x0000000083b00000, 0x0000000083c00000|  0%| F|  |TAMS 0x0000000083b00000, 0x0000000083b00000| Untracked 
|  40|0x0000000083c00000, 0x0000000083c00000, 0x0000000083d00000|  0%| F|  |TAMS 0x0000000083c00000, 0x0000000083c00000| Untracked 
|  41|0x0000000083d00000, 0x0000000083d00000, 0x0000000083e00000|  0%| F|  |TAMS 0x0000000083d00000, 0x0000000083d00000| Untracked 
|  42|0x0000000083e00000, 0x0000000083e00000, 0x0000000083f00000|  0%| F|  |TAMS 0x0000000083e00000, 0x0000000083e00000| Untracked 
|  43|0x0000000083f00000, 0x0000000083f00000, 0x0000000084000000|  0%| F|  |TAMS 0x0000000083f00000, 0x0000000083f00000| Untracked 
|  44|0x0000000084000000, 0x0000000084000000, 0x0000000084100000|  0%| F|  |TAMS 0x0000000084000000, 0x0000000084000000| Untracked 
|  45|0x0000000084100000, 0x0000000084100000, 0x0000000084200000|  0%| F|  |TAMS 0x0000000084100000, 0x0000000084100000| Untracked 
|  46|0x0000000084200000, 0x0000000084200000, 0x0000000084300000|  0%| F|  |TAMS 0x0000000084200000, 0x0000000084200000| Untracked 
|  47|0x0000000084300000, 0x0000000084300000, 0x0000000084400000|  0%| F|  |TAMS 0x0000000084300000, 0x0000000084300000| Untracked 
|  48|0x0000000084400000, 0x0000000084400000, 0x0000000084500000|  0%| F|  |TAMS 0x0000000084400000, 0x0000000084400000| Untracked 
|  49|0x0000000084500000, 0x0000000084500000, 0x0000000084600000|  0%| F|  |TAMS 0x0000000084500000, 0x0000000084500000| Untracked 
|  50|0x0000000084600000, 0x0000000084600000, 0x0000000084700000|  0%| F|  |TAMS 0x0000000084600000, 0x0000000084600000| Untracked 
|  51|0x0000000084700000, 0x0000000084700000, 0x0000000084800000|  0%| F|  |TAMS 0x0000000084700000, 0x0000000084700000| Untracked 
|  52|0x0000000084800000, 0x0000000084800000, 0x0000000084900000|  0%| F|  |TAMS 0x0000000084800000, 0x0000000084800000| Untracked 
|  53|0x0000000084900000, 0x0000000084900000, 0x0000000084a00000|  0%| F|  |TAMS 0x0000000084900000, 0x0000000084900000| Untracked 
|  54|0x0000000084a00000, 0x0000000084a00000, 0x0000000084b00000|  0%| F|  |TAMS 0x0000000084a00000, 0x0000000084a00000| Untracked 
|  55|0x0000000084b00000, 0x0000000084b00000, 0x0000000084c00000|  0%| F|  |TAMS 0x0000000084b00000, 0x0000000084b00000| Untracked 
|  56|0x0000000084c00000, 0x0000000084c00000, 0x0000000084d00000|  0%| F|  |TAMS 0x0000000084c00000, 0x0000000084c00000| Untracked 
|  57|0x0000000084d00000, 0x0000000084d00000, 0x0000000084e00000|  0%| F|  |TAMS 0x0000000084d00000, 0x0000000084d00000| Untracked 
|  58|0x0000000084e00000, 0x0000000084e00000, 0x0000000084f00000|  0%| F|  |TAMS 0x0000000084e00000, 0x0000000084e00000| Untracked 
|  59|0x0000000084f00000, 0x0000000084f00000, 0x0000000085000000|  0%| F|  |TAMS 0x0000000084f00000, 0x0000000084f00000| Untracked 
|  60|0x0000000085000000, 0x0000000085000000, 0x0000000085100000|  0%| F|  |TAMS 0x0000000085000000, 0x0000000085000000| Untracked 
|  61|0x0000000085100000, 0x0000000085100000, 0x0000000085200000|  0%| F|  |TAMS 0x0000000085100000, 0x0000000085100000| Untracked 
|  62|0x0000000085200000, 0x0000000085200000, 0x0000000085300000|  0%| F|  |TAMS 0x0000000085200000, 0x0000000085200000| Untracked 
|  63|0x0000000085300000, 0x0000000085300000, 0x0000000085400000|  0%| F|  |TAMS 0x0000000085300000, 0x0000000085300000| Untracked 
|  64|0x0000000085400000, 0x0000000085400000, 0x0000000085500000|  0%| F|  |TAMS 0x0000000085400000, 0x0000000085400000| Untracked 
|  65|0x0000000085500000, 0x0000000085500000, 0x0000000085600000|  0%| F|  |TAMS 0x0000000085500000, 0x0000000085500000| Untracked 
|  66|0x0000000085600000, 0x0000000085600000, 0x0000000085700000|  0%| F|  |TAMS 0x0000000085600000, 0x0000000085600000| Untracked 
|  67|0x0000000085700000, 0x0000000085700000, 0x0000000085800000|  0%| F|  |TAMS 0x0000000085700000, 0x0000000085700000| Untracked 
|  68|0x0000000085800000, 0x0000000085800000, 0x0000000085900000|  0%| F|  |TAMS 0x0000000085800000, 0x0000000085800000| Untracked 
|  69|0x0000000085900000, 0x0000000085900000, 0x0000000085a00000|  0%| F|  |TAMS 0x0000000085900000, 0x0000000085900000| Untracked 
|  70|0x0000000085a00000, 0x0000000085a00000, 0x0000000085b00000|  0%| F|  |TAMS 0x0000000085a00000, 0x0000000085a00000| Untracked 
|  71|0x0000000085b00000, 0x0000000085b00000, 0x0000000085c00000|  0%| F|  |TAMS 0x0000000085b00000, 0x0000000085b00000| Untracked 
|  72|0x0000000085c00000, 0x0000000085c00000, 0x0000000085d00000|  0%| F|  |TAMS 0x0000000085c00000, 0x0000000085c00000| Untracked 
|  73|0x0000000085d00000, 0x0000000085d00000, 0x0000000085e00000|  0%| F|  |TAMS 0x0000000085d00000, 0x0000000085d00000| Untracked 
|  74|0x0000000085e00000, 0x0000000085e00000, 0x0000000085f00000|  0%| F|  |TAMS 0x0000000085e00000, 0x0000000085e00000| Untracked 
|  75|0x0000000085f00000, 0x0000000085f00000, 0x0000000086000000|  0%| F|  |TAMS 0x0000000085f00000, 0x0000000085f00000| Untracked 
|  76|0x0000000086000000, 0x0000000086000000, 0x0000000086100000|  0%| F|  |TAMS 0x0000000086000000, 0x0000000086000000| Untracked 
|  77|0x0000000086100000, 0x0000000086100000, 0x0000000086200000|  0%| F|  |TAMS 0x0000000086100000, 0x0000000086100000| Untracked 
|  78|0x0000000086200000, 0x0000000086200000, 0x0000000086300000|  0%| F|  |TAMS 0x0000000086200000, 0x0000000086200000| Untracked 
|  79|0x0000000086300000, 0x0000000086300000, 0x0000000086400000|  0%| F|  |TAMS 0x0000000086300000, 0x0000000086300000| Untracked 
|  80|0x0000000086400000, 0x0000000086400000, 0x0000000086500000|  0%| F|  |TAMS 0x0000000086400000, 0x0000000086400000| Untracked 
|  81|0x0000000086500000, 0x0000000086500000, 0x0000000086600000|  0%| F|  |TAMS 0x0000000086500000, 0x0000000086500000| Untracked 
|  82|0x0000000086600000, 0x0000000086600000, 0x0000000086700000|  0%| F|  |TAMS 0x0000000086600000, 0x0000000086600000| Untracked 
|  83|0x0000000086700000, 0x0000000086700000, 0x0000000086800000|  0%| F|  |TAMS 0x0000000086700000, 0x0000000086700000| Untracked 
|  84|0x0000000086800000, 0x0000000086800000, 0x0000000086900000|  0%| F|  |TAMS 0x0000000086800000, 0x0000000086800000| Untracked 
|  85|0x0000000086900000, 0x0000000086900000, 0x0000000086a00000|  0%| F|  |TAMS 0x0000000086900000, 0x0000000086900000| Untracked 
|  86|0x0000000086a00000, 0x0000000086a00000, 0x0000000086b00000|  0%| F|  |TAMS 0x0000000086a00000, 0x0000000086a00000| Untracked 
|  87|0x0000000086b00000, 0x0000000086b00000, 0x0000000086c00000|  0%| F|  |TAMS 0x0000000086b00000, 0x0000000086b00000| Untracked 
|  88|0x0000000086c00000, 0x0000000086c00000, 0x0000000086d00000|  0%| F|  |TAMS 0x0000000086c00000, 0x0000000086c00000| Untracked 
|  89|0x0000000086d00000, 0x0000000086d00000, 0x0000000086e00000|  0%| F|  |TAMS 0x0000000086d00000, 0x0000000086d00000| Untracked 
|  90|0x0000000086e00000, 0x0000000086e00000, 0x0000000086f00000|  0%| F|  |TAMS 0x0000000086e00000, 0x0000000086e00000| Untracked 
|  91|0x0000000086f00000, 0x0000000086f00000, 0x0000000087000000|  0%| F|  |TAMS 0x0000000086f00000, 0x0000000086f00000| Untracked 
|  92|0x0000000087000000, 0x0000000087000000, 0x0000000087100000|  0%| F|  |TAMS 0x0000000087000000, 0x0000000087000000| Untracked 
|  93|0x0000000087100000, 0x0000000087100000, 0x0000000087200000|  0%| F|  |TAMS 0x0000000087100000, 0x0000000087100000| Untracked 
|  94|0x0000000087200000, 0x0000000087200000, 0x0000000087300000|  0%| F|  |TAMS 0x0000000087200000, 0x0000000087200000| Untracked 
|  95|0x0000000087300000, 0x0000000087300000, 0x0000000087400000|  0%| F|  |TAMS 0x0000000087300000, 0x0000000087300000| Untracked 
|  96|0x0000000087400000, 0x0000000087400000, 0x0000000087500000|  0%| F|  |TAMS 0x0000000087400000, 0x0000000087400000| Untracked 
|  97|0x0000000087500000, 0x0000000087500000, 0x0000000087600000|  0%| F|  |TAMS 0x0000000087500000, 0x0000000087500000| Untracked 
|  98|0x0000000087600000, 0x0000000087600000, 0x0000000087700000|  0%| F|  |TAMS 0x0000000087600000, 0x0000000087600000| Untracked 
|  99|0x0000000087700000, 0x0000000087700000, 0x0000000087800000|  0%| F|  |TAMS 0x0000000087700000, 0x0000000087700000| Untracked 
| 100|0x0000000087800000, 0x0000000087800000, 0x0000000087900000|  0%| F|  |TAMS 0x0000000087800000, 0x0000000087800000| Untracked 
| 101|0x0000000087900000, 0x0000000087900000, 0x0000000087a00000|  0%| F|  |TAMS 0x0000000087900000, 0x0000000087900000| Untracked 
| 102|0x0000000087a00000, 0x0000000087a00000, 0x0000000087b00000|  0%| F|  |TAMS 0x0000000087a00000, 0x0000000087a00000| Untracked 
| 103|0x0000000087b00000, 0x0000000087b00000, 0x0000000087c00000|  0%| F|  |TAMS 0x0000000087b00000, 0x0000000087b00000| Untracked 
| 104|0x0000000087c00000, 0x0000000087c00000, 0x0000000087d00000|  0%| F|  |TAMS 0x0000000087c00000, 0x0000000087c00000| Untracked 
| 105|0x0000000087d00000, 0x0000000087d00000, 0x0000000087e00000|  0%| F|  |TAMS 0x0000000087d00000, 0x0000000087d00000| Untracked 
| 106|0x0000000087e00000, 0x0000000087e00000, 0x0000000087f00000|  0%| F|  |TAMS 0x0000000087e00000, 0x0000000087e00000| Untracked 
| 107|0x0000000087f00000, 0x0000000087f00000, 0x0000000088000000|  0%| F|  |TAMS 0x0000000087f00000, 0x0000000087f00000| Untracked 
| 108|0x0000000088000000, 0x0000000088000000, 0x0000000088100000|  0%| F|  |TAMS 0x0000000088000000, 0x0000000088000000| Untracked 
| 109|0x0000000088100000, 0x0000000088100000, 0x0000000088200000|  0%| F|  |TAMS 0x0000000088100000, 0x0000000088100000| Untracked 
| 110|0x0000000088200000, 0x0000000088200000, 0x0000000088300000|  0%| F|  |TAMS 0x0000000088200000, 0x0000000088200000| Untracked 
| 111|0x0000000088300000, 0x0000000088300000, 0x0000000088400000|  0%| F|  |TAMS 0x0000000088300000, 0x0000000088300000| Untracked 
| 112|0x0000000088400000, 0x0000000088400000, 0x0000000088500000|  0%| F|  |TAMS 0x0000000088400000, 0x0000000088400000| Untracked 
| 113|0x0000000088500000, 0x0000000088500000, 0x0000000088600000|  0%| F|  |TAMS 0x0000000088500000, 0x0000000088500000| Untracked 
| 114|0x0000000088600000, 0x0000000088600000, 0x0000000088700000|  0%| F|  |TAMS 0x0000000088600000, 0x0000000088600000| Untracked 
| 115|0x0000000088700000, 0x0000000088700000, 0x0000000088800000|  0%| F|  |TAMS 0x0000000088700000, 0x0000000088700000| Untracked 
| 116|0x0000000088800000, 0x0000000088800000, 0x0000000088900000|  0%| F|  |TAMS 0x0000000088800000, 0x0000000088800000| Untracked 
| 117|0x0000000088900000, 0x0000000088900000, 0x0000000088a00000|  0%| F|  |TAMS 0x0000000088900000, 0x0000000088900000| Untracked 
| 118|0x0000000088a00000, 0x0000000088a00000, 0x0000000088b00000|  0%| F|  |TAMS 0x0000000088a00000, 0x0000000088a00000| Untracked 
| 119|0x0000000088b00000, 0x0000000088b00000, 0x0000000088c00000|  0%| F|  |TAMS 0x0000000088b00000, 0x0000000088b00000| Untracked 
| 120|0x0000000088c00000, 0x0000000088c00000, 0x0000000088d00000|  0%| F|  |TAMS 0x0000000088c00000, 0x0000000088c00000| Untracked 
| 121|0x0000000088d00000, 0x0000000088d00000, 0x0000000088e00000|  0%| F|  |TAMS 0x0000000088d00000, 0x0000000088d00000| Untracked 
| 122|0x0000000088e00000, 0x0000000088e00000, 0x0000000088f00000|  0%| F|  |TAMS 0x0000000088e00000, 0x0000000088e00000| Untracked 
| 123|0x0000000088f00000, 0x0000000088f00000, 0x0000000089000000|  0%| F|  |TAMS 0x0000000088f00000, 0x0000000088f00000| Untracked 
| 124|0x0000000089000000, 0x000000008909b4c0, 0x0000000089100000| 60%| S|CS|TAMS 0x0000000089000000, 0x0000000089000000| Complete 
| 125|0x0000000089100000, 0x0000000089200000, 0x0000000089200000|100%| S|CS|TAMS 0x0000000089100000, 0x0000000089100000| Complete 
| 126|0x0000000089200000, 0x0000000089300000, 0x0000000089300000|100%| S|CS|TAMS 0x0000000089200000, 0x0000000089200000| Complete 
| 127|0x0000000089300000, 0x0000000089400000, 0x0000000089400000|100%| S|CS|TAMS 0x0000000089300000, 0x0000000089300000| Complete 
| 128|0x0000000089400000, 0x0000000089500000, 0x0000000089500000|100%| S|CS|TAMS 0x0000000089400000, 0x0000000089400000| Complete 
| 129|0x0000000089500000, 0x0000000089600000, 0x0000000089600000|100%| S|CS|TAMS 0x0000000089500000, 0x0000000089500000| Complete 
| 130|0x0000000089600000, 0x0000000089700000, 0x0000000089700000|100%| S|CS|TAMS 0x0000000089600000, 0x0000000089600000| Complete 
| 131|0x0000000089700000, 0x0000000089700000, 0x0000000089800000|  0%| F|  |TAMS 0x0000000089700000, 0x0000000089700000| Untracked 
| 132|0x0000000089800000, 0x0000000089800000, 0x0000000089900000|  0%| F|  |TAMS 0x0000000089800000, 0x0000000089800000| Untracked 
| 133|0x0000000089900000, 0x0000000089900000, 0x0000000089a00000|  0%| F|  |TAMS 0x0000000089900000, 0x0000000089900000| Untracked 
| 134|0x0000000089a00000, 0x0000000089a00000, 0x0000000089b00000|  0%| F|  |TAMS 0x0000000089a00000, 0x0000000089a00000| Untracked 
| 135|0x0000000089b00000, 0x0000000089b00000, 0x0000000089c00000|  0%| F|  |TAMS 0x0000000089b00000, 0x0000000089b00000| Untracked 
| 136|0x0000000089c00000, 0x0000000089c00000, 0x0000000089d00000|  0%| F|  |TAMS 0x0000000089c00000, 0x0000000089c00000| Untracked 
| 137|0x0000000089d00000, 0x0000000089d00000, 0x0000000089e00000|  0%| F|  |TAMS 0x0000000089d00000, 0x0000000089d00000| Untracked 
| 138|0x0000000089e00000, 0x0000000089e00000, 0x0000000089f00000|  0%| F|  |TAMS 0x0000000089e00000, 0x0000000089e00000| Untracked 
| 139|0x0000000089f00000, 0x0000000089f00000, 0x000000008a000000|  0%| F|  |TAMS 0x0000000089f00000, 0x0000000089f00000| Untracked 
| 140|0x000000008a000000, 0x000000008a000000, 0x000000008a100000|  0%| F|  |TAMS 0x000000008a000000, 0x000000008a000000| Untracked 
| 141|0x000000008a100000, 0x000000008a100000, 0x000000008a200000|  0%| F|  |TAMS 0x000000008a100000, 0x000000008a100000| Untracked 
| 142|0x000000008a200000, 0x000000008a200000, 0x000000008a300000|  0%| F|  |TAMS 0x000000008a200000, 0x000000008a200000| Untracked 
| 143|0x000000008a300000, 0x000000008a300000, 0x000000008a400000|  0%| F|  |TAMS 0x000000008a300000, 0x000000008a300000| Untracked 
| 144|0x000000008a400000, 0x000000008a400000, 0x000000008a500000|  0%| F|  |TAMS 0x000000008a400000, 0x000000008a400000| Untracked 
| 145|0x000000008a500000, 0x000000008a500000, 0x000000008a600000|  0%| F|  |TAMS 0x000000008a500000, 0x000000008a500000| Untracked 
| 146|0x000000008a600000, 0x000000008a600000, 0x000000008a700000|  0%| F|  |TAMS 0x000000008a600000, 0x000000008a600000| Untracked 
| 147|0x000000008a700000, 0x000000008a700000, 0x000000008a800000|  0%| F|  |TAMS 0x000000008a700000, 0x000000008a700000| Untracked 
| 148|0x000000008a800000, 0x000000008a800000, 0x000000008a900000|  0%| F|  |TAMS 0x000000008a800000, 0x000000008a800000| Untracked 
| 149|0x000000008a900000, 0x000000008a900000, 0x000000008aa00000|  0%| F|  |TAMS 0x000000008a900000, 0x000000008a900000| Untracked 
| 150|0x000000008aa00000, 0x000000008aa00000, 0x000000008ab00000|  0%| F|  |TAMS 0x000000008aa00000, 0x000000008aa00000| Untracked 
| 151|0x000000008ab00000, 0x000000008ab00000, 0x000000008ac00000|  0%| F|  |TAMS 0x000000008ab00000, 0x000000008ab00000| Untracked 
| 152|0x000000008ac00000, 0x000000008ac00000, 0x000000008ad00000|  0%| F|  |TAMS 0x000000008ac00000, 0x000000008ac00000| Untracked 
| 153|0x000000008ad00000, 0x000000008ad00000, 0x000000008ae00000|  0%| F|  |TAMS 0x000000008ad00000, 0x000000008ad00000| Untracked 

Card table byte_map: [0x000001f0fe060000,0x000001f0fe460000] _byte_map_base: 0x000001f0fdc56000

Marking Bits (Prev, Next): (CMBitMap*) 0x000001f0f54a4590, (CMBitMap*) 0x000001f0f54a4558
 Prev Bits: [0x000001f090fb0000, 0x000001f092f60000)
 Next Bits: [0x000001f08f000000, 0x000001f090fb0000)

Polling page: 0x000001f0f3480000

Metaspace:

Usage:
  Non-class:     61.72 MB capacity,    60.59 MB ( 98%) used,   921.11 KB (  1%) free+waste,   238.13 KB ( <1%) overhead. 
      Class:     10.36 MB capacity,     9.57 MB ( 92%) used,   693.28 KB (  7%) free+waste,   116.75 KB (  1%) overhead. 
       Both:     72.08 MB capacity,    70.16 MB ( 97%) used,     1.58 MB (  2%) free+waste,   354.88 KB ( <1%) overhead. 

Virtual space:
  Non-class space:       68.00 MB reserved,      61.75 MB ( 91%) committed 
      Class space:        1.00 GB reserved,      10.45 MB (  1%) committed 
             Both:        1.07 GB reserved,      72.20 MB (  7%) committed 

Chunk freelists:
   Non-Class:  3.50 KB
       Class:  2.25 KB
        Both:  5.75 KB

CodeHeap 'non-profiled nmethods': size=238336Kb used=8869Kb max_used=8869Kb free=229466Kb
 bounds [0x000001f080740000, 0x000001f080ff0000, 0x000001f08f000000]
CodeHeap 'non-nmethods': size=7424Kb used=1248Kb max_used=1248Kb free=6176Kb
 bounds [0x000001f080000000, 0x000001f080270000, 0x000001f080740000]
 total_blobs=6347 nmethods=5725 adapters=547
 compilation: enabled
              stopped_count=0, restarted_count=0
 full_count=0

Compilation events (10 events):
Event: 8.225 Thread 0x000001f0ff2ea000 5720       1       jdk.xml.internal.SecuritySupport$$Lambda$362/0x0000000100385440::run (8 bytes)
Event: 8.225 Thread 0x000001f0ff2ea000 nmethod 5720 0x000001f080fe5890 code [0x000001f080fe5a80, 0x000001f080fe5d38]
Event: 8.225 Thread 0x000001f0ff2ea000 5721       1       jdk.xml.internal.SecuritySupport::lambda$getSystemProperty$0 (5 bytes)
Event: 8.226 Thread 0x000001f0ff2ea000 nmethod 5721 0x000001f080fe5f10 code [0x000001f080fe6100, 0x000001f080fe6398]
Event: 8.226 Thread 0x000001f0ff2ea000 5719       1       jdk.xml.internal.SecuritySupport$$Lambda$362/0x0000000100385440::<init> (10 bytes)
Event: 8.226 Thread 0x000001f0ff2ea000 nmethod 5719 0x000001f080fe6590 code [0x000001f080fe6720, 0x000001f080fe6818]
Event: 8.226 Thread 0x000001f0ff2ea000 5724   !   1       jdk.xml.internal.SecuritySupport::readJAXPProperty (147 bytes)
Event: 8.227 Thread 0x000001f0ff2ea000 nmethod 5724 0x000001f080fe6890 code [0x000001f080fe6c40, 0x000001f080fe7f28]
Event: 8.227 Thread 0x000001f0ff2ea000 5725       1       org.springframework.core.log.CompositeLog::initLogger (45 bytes)
Event: 8.228 Thread 0x000001f0ff2ea000 nmethod 5725 0x000001f080fe8f90 code [0x000001f080fe9160, 0x000001f080fe9338]

GC Heap History (10 events):
Event: 4.552 GC heap after
{Heap after GC invocations=9 (full 0):
 garbage-first heap   total 131072K, used 18094K [0x0000000081400000, 0x0000000100000000)
  region size 1024K, 8 young (8192K), 8 survivors (8192K)
 Metaspace       used 39646K, capacity 40989K, committed 41088K, reserved 1085440K
  class space    used 5188K, capacity 5753K, committed 5760K, reserved 1048576K
}
Event: 4.833 GC heap before
{Heap before GC invocations=9 (full 0):
 garbage-first heap   total 131072K, used 86702K [0x0000000081400000, 0x0000000100000000)
  region size 1024K, 76 young (77824K), 8 survivors (8192K)
 Metaspace       used 40464K, capacity 41922K, committed 42112K, reserved 1085440K
  class space    used 5288K, capacity 5915K, committed 6016K, reserved 1048576K
}
Event: 4.843 GC heap after
{Heap after GC invocations=10 (full 0):
 garbage-first heap   total 157696K, used 18844K [0x0000000081400000, 0x0000000100000000)
  region size 1024K, 6 young (6144K), 6 survivors (6144K)
 Metaspace       used 40464K, capacity 41922K, committed 42112K, reserved 1085440K
  class space    used 5288K, capacity 5915K, committed 6016K, reserved 1048576K
}
Event: 6.402 GC heap before
{Heap before GC invocations=10 (full 0):
 garbage-first heap   total 157696K, used 106908K [0x0000000081400000, 0x0000000100000000)
  region size 1024K, 92 young (94208K), 6 survivors (6144K)
 Metaspace       used 54715K, capacity 56326K, committed 56704K, reserved 1097728K
  class space    used 7298K, capacity 7939K, committed 8064K, reserved 1048576K
}
Event: 6.416 GC heap after
{Heap after GC invocations=11 (full 0):
 garbage-first heap   total 157696K, used 23204K [0x0000000081400000, 0x0000000100000000)
  region size 1024K, 11 young (11264K), 11 survivors (11264K)
 Metaspace       used 54715K, capacity 56326K, committed 56704K, reserved 1097728K
  class space    used 7298K, capacity 7939K, committed 8064K, reserved 1048576K
}
Event: 6.766 GC heap before
{Heap before GC invocations=11 (full 0):
 garbage-first heap   total 157696K, used 58020K [0x0000000081400000, 0x0000000100000000)
  region size 1024K, 47 young (48128K), 11 survivors (11264K)
 Metaspace       used 58454K, capacity 60075K, committed 60160K, reserved 1101824K
  class space    used 7776K, capacity 8419K, committed 8448K, reserved 1048576K
}
Event: 6.776 GC heap after
{Heap after GC invocations=12 (full 0):
 garbage-first heap   total 157696K, used 24560K [0x0000000081400000, 0x0000000100000000)
  region size 1024K, 7 young (7168K), 7 survivors (7168K)
 Metaspace       used 58454K, capacity 60075K, committed 60160K, reserved 1101824K
  class space    used 7776K, capacity 8419K, committed 8448K, reserved 1048576K
}
Event: 7.928 GC heap before
{Heap before GC invocations=13 (full 0):
 garbage-first heap   total 157696K, used 111600K [0x0000000081400000, 0x0000000100000000)
  region size 1024K, 92 young (94208K), 7 survivors (7168K)
 Metaspace       used 69894K, capacity 71880K, committed 72012K, reserved 1112064K
  class space    used 9501K, capacity 10302K, committed 10316K, reserved 1048576K
}
Event: 7.944 GC heap after
{Heap after GC invocations=14 (full 0):
 garbage-first heap   total 157696K, used 28404K [0x0000000081400000, 0x0000000100000000)
  region size 1024K, 10 young (10240K), 10 survivors (10240K)
 Metaspace       used 69894K, capacity 71880K, committed 72012K, reserved 1112064K
  class space    used 9501K, capacity 10302K, committed 10316K, reserved 1048576K
}
Event: 8.230 GC heap before
{Heap before GC invocations=14 (full 0):
 garbage-first heap   total 157696K, used 50932K [0x0000000081400000, 0x0000000100000000)
  region size 1024K, 33 young (33792K), 10 survivors (10240K)
 Metaspace       used 71840K, capacity 73810K, committed 73932K, reserved 1118208K
  class space    used 9795K, capacity 10606K, committed 10700K, reserved 1048576K
}

Deoptimization events (0 events):
No events

Classes redefined (0 events):
No events

Internal exceptions (10 events):
Event: 7.898 Thread 0x000001f0ffd0d000 Exception <a 'java/lang/ClassNotFoundException'{0x000000008548c448}: org/springframework/beans/factory/BeanClassLoaderAwareCustomizer> (0x000000008548c448) thrown at [./open/src/hotspot/share/classfile/systemDictionary.cpp, line 228]
Event: 7.898 Thread 0x000001f0ffd0d000 Exception <a 'java/lang/ClassNotFoundException'{0x000000008549c940}: org/springframework/beans/factory/AwareCustomizer> (0x000000008549c940) thrown at [./open/src/hotspot/share/classfile/systemDictionary.cpp, line 228]
Event: 8.100 Thread 0x000001f0ffd0d000 Exception <a 'java/lang/ClassNotFoundException'{0x000000008a1c5210}: java/lang/ObjectCustomizer> (0x000000008a1c5210) thrown at [./open/src/hotspot/share/classfile/systemDictionary.cpp, line 228]
Event: 8.101 Thread 0x000001f0ffd0d000 Exception <a 'java/lang/ClassNotFoundException'{0x000000008a1de778}: org/springframework/security/config/annotation/web/configuration/HttpSecurityConfigurationCustomizer> (0x000000008a1de778) thrown at [./open/src/hotspot/share/classfile/systemDictionary.
Event: 8.113 Thread 0x000001f0ffd0d000 Exception <a 'java/lang/ClassNotFoundException'{0x000000008a07c008}: java/lang/ObjectCustomizer> (0x000000008a07c008) thrown at [./open/src/hotspot/share/classfile/systemDictionary.cpp, line 228]
Event: 8.113 Thread 0x000001f0ffd0d000 Exception <a 'java/lang/ClassNotFoundException'{0x000000008a091070}: org/springframework/data/auditing/AuditingHandlerSupportCustomizer> (0x000000008a091070) thrown at [./open/src/hotspot/share/classfile/systemDictionary.cpp, line 228]
Event: 8.114 Thread 0x000001f0ffd0d000 Exception <a 'java/lang/ClassNotFoundException'{0x000000008a0a5a40}: org/springframework/data/auditing/AuditingHandlerCustomizer> (0x000000008a0a5a40) thrown at [./open/src/hotspot/share/classfile/systemDictionary.cpp, line 228]
Event: 8.114 Thread 0x000001f0ffd0d000 Exception <a 'java/lang/ClassNotFoundException'{0x000000008a0be8c8}: org/springframework/beans/factory/InitializingBeanCustomizer> (0x000000008a0be8c8) thrown at [./open/src/hotspot/share/classfile/systemDictionary.cpp, line 228]
Event: 8.130 Thread 0x000001f0ffd0d000 Exception <a 'java/lang/NoSuchMethodError'{0x0000000089f71308}: java.lang.invoke.DirectMethodHandle$Holder.invokeInterface(Ljava/lang/Object;Ljava/lang/Object;Ljava/lang/Object;Ljava/lang/Object;)Ljava/lang/Object;> (0x0000000089f71308) thrown at [./open/
Event: 8.142 Thread 0x000001f0ffd11800 Exception <a 'java/lang/reflect/InvocationTargetException'{0x0000000089e82320}> (0x0000000089e82320) thrown at [./open/src/hotspot/share/runtime/reflection.cpp, line 1242]

Events (10 events):
Event: 8.227 loading class org/xmlbeam/XBProjector done
Event: 8.228 loading class org/xmlbeam$XBProjector
Event: 8.228 loading class org/xmlbeam$XBProjector done
Event: 8.228 loading class org/springframework/security/web/method/annotation/AuthenticationPrincipalArgumentResolver
Event: 8.228 loading class org/springframework/security/web/method/annotation/AuthenticationPrincipalArgumentResolver done
Event: 8.229 loading class org/springframework/security/web/bind/support/AuthenticationPrincipalArgumentResolver
Event: 8.229 loading class org/springframework/security/web/bind/support/AuthenticationPrincipalArgumentResolver done
Event: 8.229 loading class org/springframework/security/web/method/annotation/CurrentSecurityContextArgumentResolver
Event: 8.229 loading class org/springframework/security/web/method/annotation/CurrentSecurityContextArgumentResolver done
Event: 8.230 Executing VM operation: CollectForMetadataAllocation


Dynamic libraries:
0x00007ff7f5600000 - 0x00007ff7f560f000 	C:\Program Files\Java\jdk-11.0.12\bin\javaw.exe
0x00007ffb2a650000 - 0x00007ffb2a845000 	C:\WINDOWS\SYSTEM32\ntdll.dll
0x00007ffb28870000 - 0x00007ffb2892d000 	C:\WINDOWS\System32\KERNEL32.DLL
0x00007ffb281a0000 - 0x00007ffb28469000 	C:\WINDOWS\System32\KERNELBASE.dll
0x00007ffb28520000 - 0x00007ffb28620000 	C:\WINDOWS\System32\ucrtbase.dll
0x00007ffb1f370000 - 0x00007ffb1f388000 	C:\Program Files\Java\jdk-11.0.12\bin\jli.dll
0x00007ffb1f220000 - 0x00007ffb1f235000 	C:\Program Files\Java\jdk-11.0.12\bin\VCRUNTIME140.dll
0x00007ffb28960000 - 0x00007ffb28a0c000 	C:\WINDOWS\System32\ADVAPI32.dll
0x00007ffb298a0000 - 0x00007ffb2993e000 	C:\WINDOWS\System32\msvcrt.dll
0x00007ffb299b0000 - 0x00007ffb29a4b000 	C:\WINDOWS\System32\sechost.dll
0x00007ffb2a4e0000 - 0x00007ffb2a60a000 	C:\WINDOWS\System32\RPCRT4.dll
0x00007ffb286c0000 - 0x00007ffb28860000 	C:\WINDOWS\System32\USER32.dll
0x00007ffb27e20000 - 0x00007ffb27e42000 	C:\WINDOWS\System32\win32u.dll
0x00007ffb28930000 - 0x00007ffb2895a000 	C:\WINDOWS\System32\GDI32.dll
0x00007ffb080f0000 - 0x00007ffb0838a000 	C:\WINDOWS\WinSxS\amd64_microsoft.windows.common-controls_6595b64144ccf1df_6.0.19041.1110_none_60b5254171f9507e\COMCTL32.dll
0x00007ffb27eb0000 - 0x00007ffb27fbb000 	C:\WINDOWS\System32\gdi32full.dll
0x00007ffb27d80000 - 0x00007ffb27e1d000 	C:\WINDOWS\System32\msvcp_win.dll
0x00007ffb1cb00000 - 0x00007ffb1cb0a000 	C:\WINDOWS\SYSTEM32\VERSION.dll
0x00007ffb2a4b0000 - 0x00007ffb2a4e0000 	C:\WINDOWS\System32\IMM32.DLL
0x00007ffaf9b40000 - 0x00007ffaf9bdb000 	C:\Program Files\Java\jdk-11.0.12\bin\msvcp140.dll
0x00007ffae0750000 - 0x00007ffae124f000 	C:\Program Files\Java\jdk-11.0.12\bin\server\jvm.dll
0x00007ffb2a2f0000 - 0x00007ffb2a2f8000 	C:\WINDOWS\System32\PSAPI.DLL
0x00007ffb1f1f0000 - 0x00007ffb1f1f9000 	C:\WINDOWS\SYSTEM32\WSOCK32.dll
0x00007ffb11c60000 - 0x00007ffb11c87000 	C:\WINDOWS\SYSTEM32\WINMM.dll
0x00007ffb29940000 - 0x00007ffb299ab000 	C:\WINDOWS\System32\WS2_32.dll
0x00007ffb26660000 - 0x00007ffb26672000 	C:\WINDOWS\SYSTEM32\kernel.appcore.dll
0x00007ffb1f070000 - 0x00007ffb1f080000 	C:\Program Files\Java\jdk-11.0.12\bin\verify.dll
0x00007ffb26320000 - 0x00007ffb26504000 	C:\WINDOWS\SYSTEM32\DBGHELP.DLL
0x00007ffb11630000 - 0x00007ffb1165c000 	C:\WINDOWS\SYSTEM32\dbgcore.DLL
0x00007ffb28620000 - 0x00007ffb286a3000 	C:\WINDOWS\System32\bcryptPrimitives.dll
0x00007ffb136f0000 - 0x00007ffb13718000 	C:\Program Files\Java\jdk-11.0.12\bin\java.dll
0x00007ffb1ef50000 - 0x00007ffb1ef5a000 	C:\Program Files\Java\jdk-11.0.12\bin\jimage.dll
0x00007ffb1e550000 - 0x00007ffb1e566000 	C:\Program Files\Java\jdk-11.0.12\bin\zip.dll
0x00007ffb29160000 - 0x00007ffb2989f000 	C:\WINDOWS\System32\SHELL32.dll
0x00007ffb25b90000 - 0x00007ffb26320000 	C:\WINDOWS\SYSTEM32\windows.storage.dll
0x00007ffb28bf0000 - 0x00007ffb28f45000 	C:\WINDOWS\System32\combase.dll
0x00007ffb277e0000 - 0x00007ffb2780c000 	C:\WINDOWS\SYSTEM32\Wldp.dll
0x00007ffb28ac0000 - 0x00007ffb28b6e000 	C:\WINDOWS\System32\SHCORE.dll
0x00007ffb28b70000 - 0x00007ffb28bc5000 	C:\WINDOWS\System32\shlwapi.dll
0x00007ffb27cc0000 - 0x00007ffb27cdf000 	C:\WINDOWS\SYSTEM32\profapi.dll
0x00007ffb1d8c0000 - 0x00007ffb1d8d9000 	C:\Program Files\Java\jdk-11.0.12\bin\net.dll
0x00007ffb17020000 - 0x00007ffb17128000 	C:\WINDOWS\SYSTEM32\WINHTTP.dll
0x00007ffb27540000 - 0x00007ffb275aa000 	C:\WINDOWS\system32\mswsock.dll
0x00007ffb14fc0000 - 0x00007ffb14fd2000 	C:\Program Files\Java\jdk-11.0.12\bin\nio.dll
0x00007ffb1e660000 - 0x00007ffb1e669000 	C:\Program Files\Java\jdk-11.0.12\bin\management.dll
0x00007ffb1dd80000 - 0x00007ffb1dd8b000 	C:\Program Files\Java\jdk-11.0.12\bin\management_ext.dll
0x00007ffb10800000 - 0x00007ffb10817000 	C:\WINDOWS\system32\napinsp.dll
0x00007ffb107e0000 - 0x00007ffb107fb000 	C:\WINDOWS\system32\pnrpnsp.dll
0x00007ffb107a0000 - 0x00007ffb107b5000 	C:\WINDOWS\system32\wshbth.dll
0x00007ffb20850000 - 0x00007ffb2086d000 	C:\WINDOWS\system32\NLAapi.dll
0x00007ffb271e0000 - 0x00007ffb2721b000 	C:\WINDOWS\SYSTEM32\IPHLPAPI.DLL
0x00007ffb27220000 - 0x00007ffb272ec000 	C:\WINDOWS\SYSTEM32\DNSAPI.dll
0x00007ffb28860000 - 0x00007ffb28868000 	C:\WINDOWS\System32\NSI.dll
0x00007ffb10820000 - 0x00007ffb10832000 	C:\WINDOWS\System32\winrnr.dll
0x00007ffb16f60000 - 0x00007ffb16f6a000 	C:\Windows\System32\rasadhlp.dll
0x00007ffb16fa0000 - 0x00007ffb1701f000 	C:\WINDOWS\System32\fwpuclnt.dll
0x00007ffb28120000 - 0x00007ffb28147000 	C:\WINDOWS\System32\bcrypt.dll
0x00007ffb27730000 - 0x00007ffb27748000 	C:\WINDOWS\SYSTEM32\CRYPTSP.dll
0x00007ffb26e50000 - 0x00007ffb26e84000 	C:\WINDOWS\system32\rsaenh.dll
0x00007ffb27c80000 - 0x00007ffb27cae000 	C:\WINDOWS\SYSTEM32\USERENV.dll
0x00007ffb27750000 - 0x00007ffb2775c000 	C:\WINDOWS\SYSTEM32\CRYPTBASE.dll
0x00007ffb1ccc0000 - 0x00007ffb1ccd7000 	C:\WINDOWS\SYSTEM32\dhcpcsvc6.DLL
0x00007ffb1cca0000 - 0x00007ffb1ccbd000 	C:\WINDOWS\SYSTEM32\dhcpcsvc.DLL
0x00007ffb1dbe0000 - 0x00007ffb1dbed000 	C:\Program Files\Java\jdk-11.0.12\bin\sunmscapi.dll
0x00007ffb27fc0000 - 0x00007ffb2811f000 	C:\WINDOWS\System32\CRYPT32.dll
0x00007ffb27850000 - 0x00007ffb27877000 	C:\WINDOWS\SYSTEM32\ncrypt.dll
0x00007ffb27810000 - 0x00007ffb2784b000 	C:\WINDOWS\SYSTEM32\NTASN1.dll
0x00007ffb0cd90000 - 0x00007ffb0cdb5000 	C:\Program Files\Java\jdk-11.0.12\bin\sunec.dll

dbghelp: loaded successfully - version: 4.0.5 - missing functions: none
symbol engine: initialized successfully - sym options: 0x614 - pdb path: .;C:\Program Files\Java\jdk-11.0.12\bin;C:\WINDOWS\SYSTEM32;C:\WINDOWS\WinSxS\amd64_microsoft.windows.common-controls_6595b64144ccf1df_6.0.19041.1110_none_60b5254171f9507e;C:\Program Files\Java\jdk-11.0.12\bin\server

VM Arguments:
jvm_args: -Dcom.sun.management.jmxremote -Dcom.sun.management.jmxremote.port=60355 -Dcom.sun.management.jmxremote.authenticate=false -Dcom.sun.management.jmxremote.ssl=false -Djava.rmi.server.hostname=localhost -Dspring.jmx.enabled=true -Dspring.application.admin.enabled=true -XX:TieredStopAtLevel=1 -Dspring.boot.project.name=publicParking -Dfile.encoding=UTF-8 
java_command: teamD.publicParking.PublicParkingApplication --spring.output.ansi.enabled=always
java_class_path (initial): C:\Users\천좙촸\OneDrive\졽쨠\GitHub\test1\publicParking\target\classes;C:\Users\천좙촸\.m2\repository\org\springframework\boot\spring-boot-starter-data-jpa\2.5.4\spring-boot-starter-data-jpa-2.5.4.jar;C:\Users\천좙촸\.m2\repository\org\springframework\boot\spring-boot-starter-aop\2.5.4\spring-boot-starter-aop-2.5.4.jar;C:\Users\천좙촸\.m2\repository\org\aspectj\aspectjweaver\1.9.7\aspectjweaver-1.9.7.jar;C:\Users\천좙촸\.m2\repository\org\springframework\boot\spring-boot-starter-jdbc\2.5.4\spring-boot-starter-jdbc-2.5.4.jar;C:\Users\천좙촸\.m2\repository\com\zaxxer\HikariCP\4.0.3\HikariCP-4.0.3.jar;C:\Users\천좙촸\.m2\repository\org\springframework\spring-jdbc\5.3.9\spring-jdbc-5.3.9.jar;C:\Users\천좙촸\.m2\repository\jakarta\transaction\jakarta.transaction-api\1.3.3\jakarta.transaction-api-1.3.3.jar;C:\Users\천좙촸\.m2\repository\jakarta\persistence\jakarta.persistence-api\2.2.3\jakarta.persistence-api-2.2.3.jar;C:\Users\천좙촸\.m2\repository\org\hibernate\hibernate-core\5.4.32.Final\hibernate-core-5.4.32.Final.jar;C:\Users\천좙촸\.m2\repository\org\jboss\logging\jboss-logging\3.4.2.Final\jboss-logging-3.4.2.Final.jar;C:\Users\천좙촸\.m2\repository\org\javassist\javassist\3.27.0-GA\javassist-3.27.0-GA.jar;C:\Users\천좙촸\.m2\repository\net\bytebuddy\byte-buddy\1.10.22\byte-buddy-1.10.22.jar;C:\Users\천좙촸\.m2\repository\antlr\antlr\2.7.7\antlr-2.7.7.jar;C:\Users\천좙촸\.m2\repository\org\jboss\jandex\2.2.3.Final\jandex-2.2.3.Final.jar;C:\Users\천좙촸\.m2\repository\com\fasterxml\classmate\1.5.1\classmate-1.5.1.jar;C:\Users\천좙촸\.m2\repository\org\dom4j\dom4j\2.1.3\dom4j-2.1.3.jar;C:\Users\천좙촸\.m2\repository\org\hibernate\common\hibernate-commons-annotations\5.1.2.Final\hibernate-commons-annotations-5.1.2.Final.jar;C:\Users\천좙촸\.m2\repository\org\glassfish\jaxb\jaxb-runtime\2.3.5\jaxb-runtime-2.3.5.jar;C:\Users\천좙촸\.m2\repository\org\glassfish\jaxb\txw2\2.3.5\txw2-2.3.5.jar;C:\Users\천좙촸\.m2\repository\com\sun\istack\istac
Launcher Type: SUN_STANDARD

[Global flags]
     intx CICompilerCount                          = 4                                         {product} {ergonomic}
     uint ConcGCThreads                            = 2                                         {product} {ergonomic}
     uint G1ConcRefinementThreads                  = 8                                         {product} {ergonomic}
   size_t G1HeapRegionSize                         = 1048576                                   {product} {ergonomic}
    uintx GCDrainStackTargetSize                   = 64                                        {product} {ergonomic}
   size_t InitialHeapSize                          = 134217728                                 {product} {ergonomic}
     bool ManagementServer                         = true                                      {product} {command line}
   size_t MarkStackSize                            = 4194304                                   {product} {ergonomic}
   size_t MaxHeapSize                              = 2126512128                                {product} {ergonomic}
   size_t MaxNewSize                               = 1275068416                                {product} {ergonomic}
   size_t MinHeapDeltaBytes                        = 1048576                                   {product} {ergonomic}
    uintx NonNMethodCodeHeapSize                   = 7549744                                {pd product} {ergonomic}
    uintx NonProfiledCodeHeapSize                  = 244108496                              {pd product} {ergonomic}
    uintx ProfiledCodeHeapSize                     = 0                                      {pd product} {ergonomic}
    uintx ReservedCodeCacheSize                    = 251658240                              {pd product} {ergonomic}
     bool SegmentedCodeCache                       = true                                      {product} {ergonomic}
     intx TieredStopAtLevel                        = 1                                         {product} {command line}
     bool UseCompressedClassPointers               = true                                 {lp64_product} {ergonomic}
     bool UseCompressedOops                        = true                                 {lp64_product} {ergonomic}
     bool UseG1GC                                  = true                                      {product} {ergonomic}
     bool UseLargePagesIndividualAllocation        = false                                  {pd product} {ergonomic}

Logging:
Log output configuration:
 #0: stdout all=warning uptime,level,tags
 #1: stderr all=off uptime,level,tags

Environment Variables:
JAVA_HOME=C:\Program Files\Java\jdk-11.0.12
PATH=C:/sts-4.11.0//plugins/org.eclipse.justj.openjdk.hotspot.jre.full.win32.x86_64_16.0.1.v20210528-1205/jre/bin/server;C:/sts-4.11.0//plugins/org.eclipse.justj.openjdk.hotspot.jre.full.win32.x86_64_16.0.1.v20210528-1205/jre/bin;C:\Program Files\Common Files\Oracle\Java\javapath;C:\Program Files (x86)\Common Files\Oracle\Java\javapath;C:\oraclexe\app\oracle\product\11.2.0\server\bin;C:\WINDOWS\system32;C:\WINDOWS;C:\WINDOWS\System32\Wbem;C:\WINDOWS\System32\WindowsPowerShell\v1.0\;C:\WINDOWS\System32\OpenSSH\;C:\Program Files (x86)\NetSarang\Xshell 7\;C:\Program Files\Git\cmd;C:\Users\천좙촸\AppData\Local\Microsoft\WindowsApps;C:\jdk\jdk-16.0.1\bin;C:\Users\천좙촸\AppData\Local\GitHubDesktop\bin;C:\Users\천좙촸\AppData\Local\Programs\Microsoft VS Code\bin;C:\Program Files (x86)\ESTsoft\ALSee\x64;C:\sts-4.11.0;
USERNAME=천좙촸
OS=Windows_NT
PROCESSOR_IDENTIFIER=Intel64 Family 6 Model 142 Stepping 10, GenuineIntel



---------------  S Y S T E M  ---------------

OS: Windows 10 , 64 bit Build 19041 (10.0.19041.1151)

CPU:total 8 (initial active 8) (4 cores per cpu, 2 threads per core) family 6 model 142 stepping 10 microcode 0xb4, cmov, cx8, fxsr, mmx, sse, sse2, sse3, ssse3, sse4.1, sse4.2, popcnt, avx, avx2, aes, clmul, erms, 3dnowpref, lzcnt, ht, tsc, tscinvbit, bmi1, bmi2, adx, fma

Memory: 4k page, system-wide physical 8106M (1161M free)
TotalPageFile size 10015M (AvailPageFile size 4M)
current process WorkingSet (physical memory assigned to process): 280M, peak: 280M
current process commit charge ("private bytes"): 344M, peak: 375M

vm_info: Java HotSpot(TM) 64-Bit Server VM (11.0.12+8-LTS-237) for windows-amd64 JRE (11.0.12+8-LTS-237), built on Jun  8 2021 11:25:59 by "mach5one" with MS VC++ 15.9 (VS2017)

END.
